<?xml version="1.0" encoding="UTF-8"?>
<testsuite name="com.crud.tasks.trello.client.TrelloClientTest" tests="3" skipped="0" failures="0" errors="0" timestamp="2021-06-09T12:57:51" hostname="Admins-MacBook-Air.local" time="0.828">
  <properties/>
  <testcase name="shouldReturnEmptyList()" classname="com.crud.tasks.trello.client.TrelloClientTest" time="0.813"/>
  <testcase name="shouldFetchTrelloBoards()" classname="com.crud.tasks.trello.client.TrelloClientTest" time="0.008"/>
  <testcase name="shouldCreateCard()" classname="com.crud.tasks.trello.client.TrelloClientTest" time="0.005"/>
  <system-out><![CDATA[]]></system-out>
  <system-err><![CDATA[]]></system-err>
</testsuite>
